0 info it worked if it ends with ok
1 verbose cli [ 'E:\\Program Files\\nodejs\\node.exe',
1 verbose cli   'E:\\Program Files\\nodejs\\node_modules\\npm\\bin\\npm-cli.js',
1 verbose cli   'run',
1 verbose cli   'build' ]
2 info using npm@3.10.10
3 info using node@v6.10.0
4 verbose run-script [ 'prebuild', 'build', 'postbuild' ]
5 info lifecycle MusicCoreJS@1.0.0~prebuild: MusicCoreJS@1.0.0
6 silly lifecycle MusicCoreJS@1.0.0~prebuild: no script for prebuild, continuing
7 info lifecycle MusicCoreJS@1.0.0~build: MusicCoreJS@1.0.0
8 verbose lifecycle MusicCoreJS@1.0.0~build: unsafe-perm in lifecycle true
9 verbose lifecycle MusicCoreJS@1.0.0~build: PATH: E:\Program Files\nodejs\node_modules\npm\bin\node-gyp-bin;E:\YandexDisk\Programming\MusicCoreJS\node_modules\.bin;E:\ORACLE\app\oracle\product\11.2.0\server\bin;;E:\Python\Python36-32\Scripts\;E:\Python\Python36-32\;C:\Program Files (x86)\Common Files\Intel\Shared Libraries\redist\intel64_win\compiler;C:\Program Files (x86)\Common Files\Intel\Shared Libraries\redist\ia32_win\compiler;C:\ProgramData\Oracle\Java\javapath;C:\Windows\system32;C:\Windows;C:\Windows\System32\Wbem;C:\Windows\System32\WindowsPowerShell\v1.0\;E:\Program Files (x86)\Brackets\command;C:\Windows\system32\config\systemprofile\.dnx\bin;C:\Program Files\Microsoft DNX\Dnvm\;C:\Program Files (x86)\Windows Kits\8.1\Windows Performance Toolkit\;C:\Program Files\Microsoft SQL Server\120\Tools\Binn\;C:\Program Files\Microsoft SQL Server\130\Tools\Binn\;C:\Program Files\Git\cmd;E:\Program Files\nodejs\;C:\Program Files\Microsoft SQL Server\Client SDK\ODBC\110\Tools\Binn\;C:\Program Files (x86)\Microsoft SQL Server\120\Tools\Binn\;C:\Program Files\Microsoft SQL Server\120\DTS\Binn\;C:\Program Files (x86)\Microsoft SQL Server\120\Tools\Binn\ManagementStudio\;C:\Program Files (x86)\Microsoft SQL Server\120\DTS\Binn\;C:\Users\Nick\AppData\Local\Microsoft\WindowsApps;E:\MinGW\bin;C:\Users\Nick\AppData\Roaming\npm;E:\YandexDisk\Portable\TotalCommander\;C:\Program Files (x86)\Java\jdk1.7.0_55\bin;E:\PHP;C:\Users\Nick\AppData\Local\atom\bin;E:\Cloud SDK\google-cloud-sdk\bin;E:\Cloud SDK\googleapp_engine\;E:\Program Files\Microsoft VS Code\bin
10 verbose lifecycle MusicCoreJS@1.0.0~build: CWD: E:\YandexDisk\Programming\MusicCoreJS
11 silly lifecycle MusicCoreJS@1.0.0~build: Args: [ '/d /s /c', 'cd build & node bundle.js' ]
12 silly lifecycle MusicCoreJS@1.0.0~build: Returned: code: 1  signal: null
13 info lifecycle MusicCoreJS@1.0.0~build: Failed to exec build script
14 verbose stack Error: MusicCoreJS@1.0.0 build: `cd build & node bundle.js`
14 verbose stack Exit status 1
14 verbose stack     at EventEmitter.<anonymous> (E:\Program Files\nodejs\node_modules\npm\lib\utils\lifecycle.js:255:16)
14 verbose stack     at emitTwo (events.js:106:13)
14 verbose stack     at EventEmitter.emit (events.js:191:7)
14 verbose stack     at ChildProcess.<anonymous> (E:\Program Files\nodejs\node_modules\npm\lib\utils\spawn.js:40:14)
14 verbose stack     at emitTwo (events.js:106:13)
14 verbose stack     at ChildProcess.emit (events.js:191:7)
14 verbose stack     at maybeClose (internal/child_process.js:877:16)
14 verbose stack     at Process.ChildProcess._handle.onexit (internal/child_process.js:226:5)
15 verbose pkgid MusicCoreJS@1.0.0
16 verbose cwd E:\YandexDisk\Programming\MusicCoreJS
17 error Windows_NT 10.0.14393
18 error argv "E:\\Program Files\\nodejs\\node.exe" "E:\\Program Files\\nodejs\\node_modules\\npm\\bin\\npm-cli.js" "run" "build"
19 error node v6.10.0
20 error npm  v3.10.10
21 error code ELIFECYCLE
22 error MusicCoreJS@1.0.0 build: `cd build & node bundle.js`
22 error Exit status 1
23 error Failed at the MusicCoreJS@1.0.0 build script 'cd build & node bundle.js'.
23 error Make sure you have the latest version of node.js and npm installed.
23 error If you do, this is most likely a problem with the MusicCoreJS package,
23 error not with npm itself.
23 error Tell the author that this fails on your system:
23 error     cd build & node bundle.js
23 error You can get information on how to open an issue for this project with:
23 error     npm bugs MusicCoreJS
23 error Or if that isn't available, you can get their info via:
23 error     npm owner ls MusicCoreJS
23 error There is likely additional logging output above.
24 verbose exit [ 1, true ]
